<?xml version="1.0" encoding="UTF-8"?>
<testsuite name="org.dataportabilityproject.types.client.providers.RegisteredServiceProviderTest" tests="1" skipped="0" failures="0" errors="0" timestamp="2018-01-25T22:16:55" hostname="olsona.chi.corp.google.com" time="0.006">
  <properties/>
  <testcase name="verifySerializeDeserialize" classname="org.dataportabilityproject.types.client.providers.RegisteredServiceProviderTest" time="0.006"/>
  <system-out><![CDATA[]]></system-out>
  <system-err><![CDATA[]]></system-err>
</testsuite>
